<?xml version="1.0" encoding="UTF-8"?>
<testsuite xmlns:xsi="http://www.w3.org/2001/XMLSchema-instance" xsi:noNamespaceSchemaLocation="https://maven.apache.org/surefire/maven-surefire-plugin/xsd/surefire-test-report.xsd" name="com.example.restassured.CucumberTestRunner" time="11.23" tests="5" errors="0" skipped="0" failures="0">
  <properties>
[...]
</properties>
  <testcase name="Successful user registration" classname="User Registration API" time="4.226"/>
  <testcase name="Failed registration due to email already existing" classname="User Registration API" time="1.075"/>
  <testcase name="Failed registration due to password being less than 6 characters" classname="User Registration API" time="1.076"/>
  <testcase name="Successful login with registered credentials" classname="User Login" time="2.145"/>
  <testcase name="Failed login with incorrect credentials" classname="User Login" time="1.126"/>
</testsuite>